<?xml version="1.0" encoding="UTF-8"?>
<!-- Generated by org.testng.reporters.JUnitXMLReporter -->
<testsuite ignored="3" hostname="Mahesh-PC" failures="1" tests="3" name="Users and Products" time="0.104" errors="0" timestamp="2021-11-15T14:53:26 IST">
  <testcase classname="com.sgtesting.tests.users.Users" name="createUser" time="0.0">
    <failure type="org.testng.TestNGException" message="
Parameter &amp;apos;username&amp;apos; is required by @Test on method createUser but has not been marked @Optional or defined
in E:\CurrentWorkSpace\TestAutomation\Testng-Automation\ExecuteTestngTestsUsingMethodsLevel.xml">
      <![CDATA[org.testng.TestNGException: 
Parameter 'username' is required by @Test on method createUser but has not been marked @Optional or defined
in E:\CurrentWorkSpace\TestAutomation\Testng-Automation\ExecuteTestngTestsUsingMethodsLevel.xml
at java.base/java.util.ArrayList.forEach(ArrayList.java:1511)
... Removed 26 stack frames]]>
    </failure>
  </testcase> <!-- createUser -->
  <testcase classname="com.sgtesting.tests.products.Products" name="deleteProduct" time="0.003"/>
  <testcase classname="com.sgtesting.tests.products.Products" name="modifyProduct" time="0.003"/>
  <testcase classname="com.sgtesting.tests.users.Users" name="deleteUser" time="0.0">
    <ignored/>
  </testcase> <!-- deleteUser -->
  <testcase classname="com.sgtesting.tests.users.Users" name="modifyUser" time="0.0">
    <ignored/>
  </testcase> <!-- modifyUser -->
  <testcase classname="com.sgtesting.tests.products.Products" name="createProduct" time="0.0">
    <ignored/>
  </testcase> <!-- createProduct -->
</testsuite> <!-- Users and Products -->
